<?xml version="1.0" encoding="UTF-8"?>
<testng-results ignored="0" total="1" passed="1" failed="0" skipped="0">
  <reporter-output>
  </reporter-output>
  <suite started-at="2023-02-28T19:02:50 IST" name="Default suite" finished-at="2023-02-28T19:03:55 IST" duration-ms="64903">
    <groups>
    </groups>
    <test started-at="2023-02-28T19:02:50 IST" name="Default test" finished-at="2023-02-28T19:03:55 IST" duration-ms="64903">
      <class name="com.Listeners.qa.TestNG_Listener$TestNg_Listener">
        <test-method signature="testng_listener_Test()[pri:0, instance:com.Listeners.qa.TestNG_Listener$TestNg_Listener@247310d0]" started-at="2023-02-28T19:02:50 IST" name="testng_listener_Test" finished-at="2023-02-28T19:03:54 IST" duration-ms="64203" status="PASS">
          <reporter-output>
          </reporter-output>
        </test-method> <!-- testng_listener_Test -->
      </class> <!-- com.Listeners.qa.TestNG_Listener$TestNg_Listener -->
    </test> <!-- Default test -->
  </suite> <!-- Default suite -->
</testng-results>
